{"/home/anna/Рабочий стол/my-projects/semantic-editor-wrap/vue-test/typescript-app1/src/components/GuessAge.vue": {"path":"/home/anna/Рабочий стол/my-projects/semantic-editor-wrap/vue-test/typescript-app1/src/components/GuessAge.vue","statementMap":{"0":{"start":{"line":24,"column":15},"end":{"line":44,"column":1}},"1":{"start":{"line":26,"column":4},"end":{"line":30,"column":5}},"2":{"start":{"line":34,"column":6},"end":{"line":34,"column":21}},"3":{"start":{"line":35,"column":6},"end":{"line":41,"column":10}},"4":{"start":{"line":36,"column":26},"end":{"line":36,"column":41}},"5":{"start":{"line":38,"column":10},"end":{"line":38,"column":29}},"6":{"start":{"line":39,"column":10},"end":{"line":39,"column":36}},"7":{"start":{"line":40,"column":10},"end":{"line":40,"column":24}},"8":{"start":{"line":3,"column":7},"end":{"line":3,"column":null}},"9":{"start":{"line":4,"column":9},"end":{"line":4,"column":null}},"10":{"start":{"line":5,"column":6},"end":{"line":5,"column":null}},"11":{"start":{"line":6,"column":44},"end":{"line":6,"column":null}},"12":{"start":{"line":7,"column":32},"end":{"line":7,"column":null}},"13":{"start":{"line":9,"column":10},"end":{"line":9,"column":18}},"14":{"start":{"line":9,"column":14},"end":{"line":9,"column":null}},"15":{"start":{"line":10,"column":4},"end":{"line":10,"column":36}},"16":{"start":{"line":10,"column":36},"end":{"line":10,"column":null}},"17":{"start":{"line":11,"column":108},"end":{"line":11,"column":113}},"18":{"start":{"line":11,"column":113},"end":{"line":11,"column":null}},"19":{"start":{"line":13,"column":4},"end":{"line":13,"column":9}},"20":{"start":{"line":13,"column":9},"end":{"line":13,"column":14}},"21":{"start":{"line":13,"column":14},"end":{"line":13,"column":null}},"22":{"start":{"line":14,"column":37},"end":{"line":14,"column":64}},"23":{"start":{"line":11,"column":32},"end":{"line":11,"column":40}},"24":{"start":{"line":12,"column":34},"end":{"line":12,"column":40}}},"fnMap":{"0":{"name":"(anonymous_0)","decl":{"start":{"line":25,"column":2},"end":{"line":25,"column":3}},"loc":{"start":{"line":25,"column":9},"end":{"line":31,"column":3}}},"1":{"name":"(anonymous_1)","decl":{"start":{"line":33,"column":4},"end":{"line":33,"column":5}},"loc":{"start":{"line":33,"column":13},"end":{"line":42,"column":5}}},"2":{"name":"(anonymous_2)","decl":{"start":{"line":36,"column":14},"end":{"line":36,"column":15}},"loc":{"start":{"line":36,"column":26},"end":{"line":36,"column":41}}},"3":{"name":"(anonymous_3)","decl":{"start":{"line":37,"column":14},"end":{"line":37,"column":15}},"loc":{"start":{"line":37,"column":22},"end":{"line":41,"column":9}}},"4":{"name":"(anonymous_6)","decl":{"start":{"line":11,"column":32},"end":{"line":11,"column":38}},"loc":{"start":{"line":11,"column":32},"end":{"line":11,"column":40}}},"5":{"name":"(anonymous_7)","decl":{"start":{"line":12,"column":32},"end":{"line":12,"column":34}},"loc":{"start":{"line":12,"column":34},"end":{"line":12,"column":40}}}},"branchMap":{"0":{"loc":{"start":{"line":11,"column":32},"end":{"line":11,"column":40}},"type":"binary-expr","locations":[{"start":{"line":11,"column":32},"end":{"line":11,"column":38}},{"start":{"line":11,"column":32},"end":{"line":11,"column":40}}]},"1":{"loc":{"start":{"line":12,"column":32},"end":{"line":12,"column":42}},"type":"binary-expr","locations":[{"start":{"line":12,"column":32},"end":{"line":12,"column":34}},{"start":{"line":12,"column":32},"end":{"line":12,"column":42}}]},"2":{"loc":{"start":{"line":12,"column":34},"end":{"line":12,"column":40}},"type":"binary-expr","locations":[{"start":{"line":12,"column":34},"end":{"line":12,"column":40}},{"start":{"line":12,"column":34},"end":{"line":12,"column":40}}]}},"s":{"0":1,"1":1,"2":1,"3":1,"4":0,"5":0,"6":0,"7":0,"8":1,"9":1,"10":1,"11":1,"12":1,"13":1,"14":1,"15":1,"16":1,"17":1,"18":1,"19":1,"20":1,"21":1,"22":1,"23":0,"24":1},"f":{"0":1,"1":1,"2":0,"3":0,"4":0,"5":1},"b":{"0":[2,1],"1":[2,1],"2":[1,0]}}
,"/home/anna/Рабочий стол/my-projects/semantic-editor-wrap/vue-test/typescript-app1/src/components/HelloWorld.vue": {"path":"/home/anna/Рабочий стол/my-projects/semantic-editor-wrap/vue-test/typescript-app1/src/components/HelloWorld.vue","statementMap":{"0":{"start":{"line":37,"column":16},"end":{"line":37,"column":null}},"1":{"start":{"line":38,"column":20},"end":{"line":38,"column":null}},"2":{"start":{"line":39,"column":20},"end":{"line":39,"column":null}},"3":{"start":{"line":40,"column":21},"end":{"line":40,"column":null}},"4":{"start":{"line":41,"column":25},"end":{"line":41,"column":null}},"5":{"start":{"line":43,"column":0},"end":{"line":89,"column":null}},"6":{"start":{"line":44,"column":2},"end":{"line":44,"column":null}},"7":{"start":{"line":46,"column":18},"end":{"line":46,"column":null}},"8":{"start":{"line":48,"column":2},"end":{"line":50,"column":null}},"9":{"start":{"line":49,"column":4},"end":{"line":49,"column":null}},"10":{"start":{"line":51,"column":16},"end":{"line":51,"column":null}},"11":{"start":{"line":52,"column":65},"end":{"line":52,"column":null}},"12":{"start":{"line":56,"column":2},"end":{"line":56,"column":null}},"13":{"start":{"line":57,"column":2},"end":{"line":57,"column":null}},"14":{"start":{"line":59,"column":2},"end":{"line":59,"column":null}},"15":{"start":{"line":62,"column":2},"end":{"line":68,"column":null}},"16":{"start":{"line":62,"column":15},"end":{"line":62,"column":18}},"17":{"start":{"line":63,"column":21},"end":{"line":63,"column":null}},"18":{"start":{"line":64,"column":14},"end":{"line":64,"column":null}},"19":{"start":{"line":65,"column":4},"end":{"line":65,"column":null}},"20":{"start":{"line":66,"column":4},"end":{"line":66,"column":null}},"21":{"start":{"line":67,"column":4},"end":{"line":67,"column":null}},"22":{"start":{"line":71,"column":2},"end":{"line":71,"column":null}},"23":{"start":{"line":72,"column":2},"end":{"line":84,"column":null}},"24":{"start":{"line":74,"column":17},"end":{"line":74,"column":null}},"25":{"start":{"line":75,"column":4},"end":{"line":75,"column":null}},"26":{"start":{"line":76,"column":4},"end":{"line":76,"column":null}},"27":{"start":{"line":77,"column":18},"end":{"line":77,"column":null}},"28":{"start":{"line":78,"column":4},"end":{"line":78,"column":null}},"29":{"start":{"line":79,"column":4},"end":{"line":83,"column":null}},"30":{"start":{"line":80,"column":6},"end":{"line":80,"column":null}},"31":{"start":{"line":82,"column":6},"end":{"line":82,"column":null}},"32":{"start":{"line":85,"column":13},"end":{"line":85,"column":null}},"33":{"start":{"line":86,"column":2},"end":{"line":88,"column":null}},"34":{"start":{"line":87,"column":4},"end":{"line":87,"column":null}},"35":{"start":{"line":91,"column":25},"end":{"line":101,"column":null}},"36":{"start":{"line":92,"column":16},"end":{"line":92,"column":null}},"37":{"start":{"line":93,"column":2},"end":{"line":100,"column":null}},"38":{"start":{"line":94,"column":4},"end":{"line":94,"column":null}},"39":{"start":{"line":96,"column":4},"end":{"line":99,"column":null}},"40":{"start":{"line":98,"column":21},"end":{"line":98,"column":49}},"41":{"start":{"line":4,"column":19},"end":{"line":4,"column":null}},"42":{"start":{"line":5,"column":4},"end":{"line":6,"column":null}},"43":{"start":{"line":11,"column":21},"end":{"line":11,"column":null}},"44":{"start":{"line":13,"column":52},"end":{"line":13,"column":null}},"45":{"start":{"line":12,"column":6},"end":{"line":17,"column":null}},"46":{"start":{"line":25,"column":26},"end":{"line":null,"column":-1}}},"fnMap":{"0":{"name":"(anonymous_1)","decl":{"start":{"line":43,"column":29},"end":{"line":43,"column":35}},"loc":{"start":{"line":43,"column":35},"end":{"line":89,"column":null}}},"1":{"name":"(anonymous_2)","decl":{"start":{"line":91,"column":34},"end":{"line":91,"column":40}},"loc":{"start":{"line":91,"column":40},"end":{"line":101,"column":1}}},"2":{"name":"(anonymous_3)","decl":{"start":{"line":98,"column":11},"end":{"line":98,"column":12}},"loc":{"start":{"line":98,"column":21},"end":{"line":98,"column":49}}},"3":{"name":"(anonymous_5)","decl":{"start":{"line":8,"column":11},"end":{"line":8,"column":null}},"loc":{"start":{"line":4,"column":19},"end":{"line":4,"column":null}}},"4":{"name":"(anonymous_6)","decl":{"start":{"line":5,"column":38},"end":{"line":5,"column":41}},"loc":{"start":{"line":5,"column":23},"end":{"line":6,"column":null}}},"5":{"name":"(anonymous_7)","decl":{"start":{"line":19,"column":13},"end":{"line":19,"column":null}},"loc":{"start":{"line":11,"column":21},"end":{"line":11,"column":null}}},"6":{"name":"(anonymous_8)","decl":{"start":{"line":13,"column":41},"end":{"line":13,"column":43}},"loc":{"start":{"line":13,"column":52},"end":{"line":13,"column":null}}},"7":{"name":"(anonymous_9)","decl":{"start":{"line":13,"column":56},"end":{"line":13,"column":null}},"loc":{"start":{"line":13,"column":19},"end":{"line":17,"column":null}}},"8":{"name":"(anonymous_10)","decl":{"start":{"line":25,"column":4},"end":{"line":25,"column":7}},"loc":{"start":{"line":25,"column":26},"end":{"line":null,"column":-1}}}},"branchMap":{"0":{"loc":{"start":{"line":48,"column":2},"end":{"line":50,"column":null}},"type":"if","locations":[{"start":{"line":48,"column":2},"end":{"line":50,"column":null}},{"start":{"line":48,"column":2},"end":{"line":50,"column":null}}]},"1":{"loc":{"start":{"line":72,"column":2},"end":{"line":84,"column":null}},"type":"if","locations":[{"start":{"line":72,"column":2},"end":{"line":84,"column":null}},{"start":{"line":72,"column":2},"end":{"line":84,"column":null}}]},"2":{"loc":{"start":{"line":72,"column":6},"end":{"line":72,"column":68}},"type":"binary-expr","locations":[{"start":{"line":72,"column":6},"end":{"line":72,"column":41}},{"start":{"line":72,"column":41},"end":{"line":72,"column":68}}]},"3":{"loc":{"start":{"line":86,"column":2},"end":{"line":88,"column":null}},"type":"if","locations":[{"start":{"line":86,"column":2},"end":{"line":88,"column":null}},{"start":{"line":86,"column":2},"end":{"line":88,"column":null}}]},"4":{"loc":{"start":{"line":93,"column":2},"end":{"line":100,"column":null}},"type":"if","locations":[{"start":{"line":93,"column":2},"end":{"line":100,"column":null}},{"start":{"line":95,"column":9},"end":{"line":100,"column":null}}]},"5":{"loc":{"start":{"line":8,"column":11},"end":{"line":4,"column":null}},"type":"binary-expr","locations":[{"start":{"line":8,"column":11},"end":{"line":8,"column":null}},{"start":{"line":8,"column":11},"end":{"line":4,"column":null}}]},"6":{"loc":{"start":{"line":19,"column":13},"end":{"line":11,"column":null}},"type":"binary-expr","locations":[{"start":{"line":19,"column":13},"end":{"line":19,"column":null}},{"start":{"line":19,"column":13},"end":{"line":11,"column":null}}]}},"s":{"0":1,"1":1,"2":1,"3":1,"4":1,"5":1,"6":0,"7":0,"8":0,"9":0,"10":0,"11":0,"12":0,"13":0,"14":0,"15":0,"16":0,"17":0,"18":0,"19":0,"20":0,"21":0,"22":0,"23":0,"24":0,"25":0,"26":0,"27":0,"28":0,"29":0,"30":0,"31":0,"32":0,"33":0,"34":0,"35":1,"36":1,"37":1,"38":0,"39":1,"40":0,"41":0,"42":4,"43":0,"44":4,"45":3,"46":1},"f":{"0":0,"1":1,"2":0,"3":0,"4":4,"5":0,"6":4,"7":3,"8":1},"b":{"0":[0,0],"1":[0,0],"2":[0,0],"3":[0,0],"4":[0,1],"5":[1,1],"6":[1,1]}}
,"/home/anna/Рабочий стол/my-projects/semantic-editor-wrap/vue-test/typescript-app1/src/components/Test.vue": {"path":"/home/anna/Рабочий стол/my-projects/semantic-editor-wrap/vue-test/typescript-app1/src/components/Test.vue","statementMap":{"0":{"start":{"line":9,"column":11},"end":{"line":9,"column":null}},"1":{"start":{"line":11,"column":2},"end":{"line":11,"column":null}},"2":{"start":{"line":2,"column":2},"end":{"line":2,"column":17}}},"fnMap":{"0":{"name":"changeVal","decl":{"start":{"line":10,"column":9},"end":{"line":10,"column":21}},"loc":{"start":{"line":10,"column":21},"end":{"line":12,"column":null}}}},"branchMap":{},"s":{"0":1,"1":0,"2":1},"f":{"0":0},"b":{}}
}
